<?xml version="1.0" encoding="UTF-8" ?>
<testsuite tests="4" failures="0" name="TestRedisCache" time="0.324" errors="0" skipped="0">
  <properties>
    <property name="java.runtime.name" value="Java(TM) SE Runtime Environment"/>
    <property name="sun.boot.library.path" value="E:\Java\jdk1.8.0_45\jre\bin"/>
    <property name="java.vm.version" value="25.211-b12"/>
    <property name="java.vm.vendor" value="Oracle Corporation"/>
    <property name="maven.multiModuleProjectDirectory" value="E:\Java\guguanjia\test_guguanjia"/>
    <property name="java.vendor.url" value="http://java.oracle.com/"/>
    <property name="path.separator" value=";"/>
    <property name="guice.disable.misplaced.annotation.check" value="true"/>
    <property name="java.vm.name" value="Java HotSpot(TM) 64-Bit Server VM"/>
    <property name="file.encoding.pkg" value="sun.io"/>
    <property name="user.script" value=""/>
    <property name="user.country" value="CN"/>
    <property name="sun.java.launcher" value="SUN_STANDARD"/>
    <property name="sun.os.patch.level" value=""/>
    <property name="java.vm.specification.name" value="Java Virtual Machine Specification"/>
    <property name="user.dir" value="E:\Java\guguanjia\test_guguanjia"/>
    <property name="java.runtime.version" value="1.8.0_211-b12"/>
    <property name="java.awt.graphicsenv" value="sun.awt.Win32GraphicsEnvironment"/>
    <property name="java.endorsed.dirs" value="E:\Java\jdk1.8.0_45\jre\lib\endorsed"/>
    <property name="os.arch" value="amd64"/>
    <property name="java.io.tmpdir" value="C:\Users\user\AppData\Local\Temp\"/>
    <property name="line.separator" value="
"/>
    <property name="java.vm.specification.vendor" value="Oracle Corporation"/>
    <property name="user.variant" value=""/>
    <property name="os.name" value="Windows 10"/>
    <property name="maven.ext.class.path" value="E:\IntelliJ IDEA 2019.3.1\plugins\maven\lib\maven-event-listener.jar"/>
    <property name="classworlds.conf" value="E:\Java\apache-maven-3.6.1\bin\m2.conf"/>
    <property name="sun.jnu.encoding" value="GBK"/>
    <property name="java.library.path" value="E:\Java\jdk1.8.0_45\bin;C:\WINDOWS\Sun\Java\bin;C:\WINDOWS\system32;C:\WINDOWS;E:\app\user\product\11.2.0\dbhome_2\bin;C:\WINDOWS\system32;C:\WINDOWS;C:\WINDOWS\System32\Wbem;C:\WINDOWS\System32\WindowsPowerShell\v1.0\;C:\WINDOWS\System32\OpenSSH\;E:\Java\jdk1.8.0_45\bin;E:\Git\Git\cmd;E:\Java\apache-maven-3.6.1\bin;E:\Java\Redis\;E:\Java\jdk1.8.0_45\bin;%USERPROFILE%\AppData\Local\Microsoft\WindowsApps;;."/>
    <property name="maven.conf" value="E:\Java\apache-maven-3.6.1/conf"/>
    <property name="java.specification.name" value="Java Platform API Specification"/>
    <property name="java.class.version" value="52.0"/>
    <property name="sun.management.compiler" value="HotSpot 64-Bit Tiered Compilers"/>
    <property name="os.version" value="10.0"/>
    <property name="idea.version2019.3.1" value="true"/>
    <property name="user.home" value="C:\Users\user"/>
    <property name="user.timezone" value="Asia/Shanghai"/>
    <property name="java.awt.printerjob" value="sun.awt.windows.WPrinterJob"/>
    <property name="java.specification.version" value="1.8"/>
    <property name="file.encoding" value="UTF-8"/>
    <property name="user.name" value="user"/>
    <property name="java.class.path" value="E:\Java\apache-maven-3.6.1\boot\plexus-classworlds-2.6.0.jar;E:\IntelliJ IDEA 2019.3.1\lib\idea_rt.jar"/>
    <property name="java.vm.specification.version" value="1.8"/>
    <property name="sun.arch.data.model" value="64"/>
    <property name="java.home" value="E:\Java\jdk1.8.0_45\jre"/>
    <property name="sun.java.command" value="org.codehaus.classworlds.Launcher -Didea.version2019.3.1 --update-snapshots -s E:\Java\apache-maven-3.6.1\conf\settings.xml package"/>
    <property name="java.specification.vendor" value="Oracle Corporation"/>
    <property name="user.language" value="zh"/>
    <property name="awt.toolkit" value="sun.awt.windows.WToolkit"/>
    <property name="java.vm.info" value="mixed mode"/>
    <property name="java.version" value="1.8.0_211"/>
    <property name="java.ext.dirs" value="E:\Java\jdk1.8.0_45\jre\lib\ext;C:\WINDOWS\Sun\Java\lib\ext"/>
    <property name="sun.boot.class.path" value="E:\Java\jdk1.8.0_45\jre\lib\resources.jar;E:\Java\jdk1.8.0_45\jre\lib\rt.jar;E:\Java\jdk1.8.0_45\jre\lib\sunrsasign.jar;E:\Java\jdk1.8.0_45\jre\lib\jsse.jar;E:\Java\jdk1.8.0_45\jre\lib\jce.jar;E:\Java\jdk1.8.0_45\jre\lib\charsets.jar;E:\Java\jdk1.8.0_45\jre\lib\jfr.jar;E:\Java\jdk1.8.0_45\jre\classes"/>
    <property name="java.vendor" value="Oracle Corporation"/>
    <property name="maven.home" value="E:\Java\apache-maven-3.6.1"/>
    <property name="file.separator" value="\"/>
    <property name="java.vendor.url.bug" value="http://bugreport.sun.com/bugreport/"/>
    <property name="sun.cpu.endian" value="little"/>
    <property name="sun.io.unicode.encoding" value="UnicodeLittle"/>
    <property name="sun.desktop" value="windows"/>
    <property name="sun.cpu.isalist" value="amd64"/>
  </properties>
  <testcase classname="TestRedisCache" name="getStatuteService" time="0.259"/>
  <testcase classname="TestRedisCache" name="getRedisConnectionFactory" time="0.027"/>
  <testcase classname="TestRedisCache" name="testRedisTemplate2" time="0.023"/>
  <testcase classname="TestRedisCache" name="TestRedisTemplate" time="0.015"/>
</testsuite>